Analysis & Synthesis report for ALU
Mon May 13 23:23:48 2019
Quartus II 64-Bit Version 13.0.1 Build 232 06/12/2013 Service Pack 1 SJ Web Edition


---------------------
; Table of Contents ;
---------------------
  1. Legal Notice
  2. Analysis & Synthesis Summary
  3. Analysis & Synthesis Settings
  4. Parallel Compilation
  5. Analysis & Synthesis Source Files Read
  6. Analysis & Synthesis Resource Usage Summary
  7. Analysis & Synthesis Resource Utilization by Entity
  8. Analysis & Synthesis IP Cores Summary
  9. General Register Statistics
 10. Parameter Settings for User Entity Instance: lpm_add_sub0:adder|lpm_add_sub:LPM_ADD_SUB_component
 11. Parameter Settings for User Entity Instance: lpm_muxALUSEL:inst5|LPM_MUX:LPM_MUX_component
 12. Parameter Settings for User Entity Instance: LPM_AND:and
 13. Parameter Settings for User Entity Instance: LPM_OR:or
 14. Parameter Settings for User Entity Instance: LPM_XOR:xor
 15. Parameter Settings for User Entity Instance: lpm_muxSHIFT:inst14|LPM_MUX:LPM_MUX_component
 16. Parameter Settings for User Entity Instance: lpm_muxSHIFT:inst10|LPM_MUX:LPM_MUX_component
 17. Parameter Settings for User Entity Instance: lpm_muxSHIFT:inst12|LPM_MUX:LPM_MUX_component
 18. Parameter Settings for User Entity Instance: lpm_muxSHIFT:inst13|LPM_MUX:LPM_MUX_component
 19. Elapsed Time Per Partition
 20. Analysis & Synthesis Messages



----------------
; Legal Notice ;
----------------
Copyright (C) 1991-2013 Altera Corporation
Your use of Altera Corporation's design tools, logic functions 
and other software and tools, and its AMPP partner logic 
functions, and any output files from any of the foregoing 
(including device programming or simulation files), and any 
associated documentation or information are expressly subject 
to the terms and conditions of the Altera Program License 
Subscription Agreement, Altera MegaCore Function License 
Agreement, or other applicable license agreement, including, 
without limitation, that your use is for the sole purpose of 
programming logic devices manufactured by Altera and sold by 
Altera or its authorized distributors.  Please refer to the 
applicable agreement for further details.



+--------------------------------------------------------------------------------------+
; Analysis & Synthesis Summary                                                         ;
+------------------------------------+-------------------------------------------------+
; Analysis & Synthesis Status        ; Successful - Mon May 13 23:23:48 2019           ;
; Quartus II 64-Bit Version          ; 13.0.1 Build 232 06/12/2013 SP 1 SJ Web Edition ;
; Revision Name                      ; ALU                                             ;
; Top-level Entity Name              ; ALU                                             ;
; Family                             ; Cyclone III                                     ;
; Total logic elements               ; 22                                              ;
;     Total combinational functions  ; 22                                              ;
;     Dedicated logic registers      ; 0                                               ;
; Total registers                    ; 0                                               ;
; Total pins                         ; 16                                              ;
; Total virtual pins                 ; 0                                               ;
; Total memory bits                  ; 0                                               ;
; Embedded Multiplier 9-bit elements ; 0                                               ;
; Total PLLs                         ; 0                                               ;
+------------------------------------+-------------------------------------------------+


+----------------------------------------------------------------------------------------------------------------------+
; Analysis & Synthesis Settings                                                                                        ;
+----------------------------------------------------------------------------+--------------------+--------------------+
; Option                                                                     ; Setting            ; Default Value      ;
+----------------------------------------------------------------------------+--------------------+--------------------+
; Device                                                                     ; EP3C16F484C6       ;                    ;
; Top-level entity name                                                      ; ALU                ; ALU                ;
; Family name                                                                ; Cyclone III        ; Cyclone IV GX      ;
; Use smart compilation                                                      ; Off                ; Off                ;
; Enable parallel Assembler and TimeQuest Timing Analyzer during compilation ; On                 ; On                 ;
; Enable compact report table                                                ; Off                ; Off                ;
; Restructure Multiplexers                                                   ; Auto               ; Auto               ;
; Create Debugging Nodes for IP Cores                                        ; Off                ; Off                ;
; Preserve fewer node names                                                  ; On                 ; On                 ;
; Disable OpenCore Plus hardware evaluation                                  ; Off                ; Off                ;
; Verilog Version                                                            ; Verilog_2001       ; Verilog_2001       ;
; VHDL Version                                                               ; VHDL_1993          ; VHDL_1993          ;
; State Machine Processing                                                   ; Auto               ; Auto               ;
; Safe State Machine                                                         ; Off                ; Off                ;
; Extract Verilog State Machines                                             ; On                 ; On                 ;
; Extract VHDL State Machines                                                ; On                 ; On                 ;
; Ignore Verilog initial constructs                                          ; Off                ; Off                ;
; Iteration limit for constant Verilog loops                                 ; 5000               ; 5000               ;
; Iteration limit for non-constant Verilog loops                             ; 250                ; 250                ;
; Add Pass-Through Logic to Inferred RAMs                                    ; On                 ; On                 ;
; Infer RAMs from Raw Logic                                                  ; On                 ; On                 ;
; Parallel Synthesis                                                         ; On                 ; On                 ;
; DSP Block Balancing                                                        ; Auto               ; Auto               ;
; NOT Gate Push-Back                                                         ; On                 ; On                 ;
; Power-Up Don't Care                                                        ; On                 ; On                 ;
; Remove Redundant Logic Cells                                               ; Off                ; Off                ;
; Remove Duplicate Registers                                                 ; On                 ; On                 ;
; Ignore CARRY Buffers                                                       ; Off                ; Off                ;
; Ignore CASCADE Buffers                                                     ; Off                ; Off                ;
; Ignore GLOBAL Buffers                                                      ; Off                ; Off                ;
; Ignore ROW GLOBAL Buffers                                                  ; Off                ; Off                ;
; Ignore LCELL Buffers                                                       ; Off                ; Off                ;
; Ignore SOFT Buffers                                                        ; On                 ; On                 ;
; Limit AHDL Integers to 32 Bits                                             ; Off                ; Off                ;
; Optimization Technique                                                     ; Balanced           ; Balanced           ;
; Carry Chain Length                                                         ; 70                 ; 70                 ;
; Auto Carry Chains                                                          ; On                 ; On                 ;
; Auto Open-Drain Pins                                                       ; On                 ; On                 ;
; Perform WYSIWYG Primitive Resynthesis                                      ; Off                ; Off                ;
; Auto ROM Replacement                                                       ; On                 ; On                 ;
; Auto RAM Replacement                                                       ; On                 ; On                 ;
; Auto DSP Block Replacement                                                 ; On                 ; On                 ;
; Auto Shift Register Replacement                                            ; Auto               ; Auto               ;
; Allow Shift Register Merging across Hierarchies                            ; Auto               ; Auto               ;
; Auto Clock Enable Replacement                                              ; On                 ; On                 ;
; Strict RAM Replacement                                                     ; Off                ; Off                ;
; Allow Synchronous Control Signals                                          ; On                 ; On                 ;
; Force Use of Synchronous Clear Signals                                     ; Off                ; Off                ;
; Auto RAM Block Balancing                                                   ; On                 ; On                 ;
; Auto RAM to Logic Cell Conversion                                          ; Off                ; Off                ;
; Auto Resource Sharing                                                      ; Off                ; Off                ;
; Allow Any RAM Size For Recognition                                         ; Off                ; Off                ;
; Allow Any ROM Size For Recognition                                         ; Off                ; Off                ;
; Allow Any Shift Register Size For Recognition                              ; Off                ; Off                ;
; Use LogicLock Constraints during Resource Balancing                        ; On                 ; On                 ;
; Ignore translate_off and synthesis_off directives                          ; Off                ; Off                ;
; Timing-Driven Synthesis                                                    ; On                 ; On                 ;
; Report Parameter Settings                                                  ; On                 ; On                 ;
; Report Source Assignments                                                  ; On                 ; On                 ;
; Report Connectivity Checks                                                 ; On                 ; On                 ;
; Ignore Maximum Fan-Out Assignments                                         ; Off                ; Off                ;
; Synchronization Register Chain Length                                      ; 2                  ; 2                  ;
; PowerPlay Power Optimization                                               ; Normal compilation ; Normal compilation ;
; HDL message level                                                          ; Level2             ; Level2             ;
; Suppress Register Optimization Related Messages                            ; Off                ; Off                ;
; Number of Removed Registers Reported in Synthesis Report                   ; 5000               ; 5000               ;
; Number of Swept Nodes Reported in Synthesis Report                         ; 5000               ; 5000               ;
; Number of Inverted Registers Reported in Synthesis Report                  ; 100                ; 100                ;
; Clock MUX Protection                                                       ; On                 ; On                 ;
; Auto Gated Clock Conversion                                                ; Off                ; Off                ;
; Block Design Naming                                                        ; Auto               ; Auto               ;
; SDC constraint protection                                                  ; Off                ; Off                ;
; Synthesis Effort                                                           ; Auto               ; Auto               ;
; Shift Register Replacement - Allow Asynchronous Clear Signal               ; On                 ; On                 ;
; Pre-Mapping Resynthesis Optimization                                       ; Off                ; Off                ;
; Analysis & Synthesis Message Level                                         ; Medium             ; Medium             ;
; Disable Register Merging Across Hierarchies                                ; Auto               ; Auto               ;
; Resource Aware Inference For Block RAM                                     ; On                 ; On                 ;
; Synthesis Seed                                                             ; 1                  ; 1                  ;
+----------------------------------------------------------------------------+--------------------+--------------------+


Parallel compilation was disabled, but you have multiple processors available. Enable parallel compilation to reduce compilation time.
+-------------------------------------+
; Parallel Compilation                ;
+----------------------------+--------+
; Processors                 ; Number ;
+----------------------------+--------+
; Number detected on machine ; 8      ;
; Maximum allowed            ; 1      ;
+----------------------------+--------+


+-----------------------------------------------------------------------------------------------------------------------------------------------------------------------------------------+
; Analysis & Synthesis Source Files Read                                                                                                                                                  ;
+----------------------------------+-----------------+------------------------------------+-------------------------------------------------------------------------------------+---------+
; File Name with User-Entered Path ; Used in Netlist ; File Type                          ; File Name with Absolute Path                                                        ; Library ;
+----------------------------------+-----------------+------------------------------------+-------------------------------------------------------------------------------------+---------+
; lpm_add_sub0.vhd                 ; yes             ; User Wizard-Generated File         ; /home/furkan/altera/13.0sp1/ALU/lpm_add_sub0.vhd                                    ;         ;
; ALU.bdf                          ; yes             ; User Block Diagram/Schematic File  ; /home/furkan/altera/13.0sp1/ALU/ALU.bdf                                             ;         ;
; lpm_add_sub.tdf                  ; yes             ; Megafunction                       ; /home/furkan/altera/13.0sp1/quartus/libraries/megafunctions/lpm_add_sub.tdf         ;         ;
; addcore.inc                      ; yes             ; Megafunction                       ; /home/furkan/altera/13.0sp1/quartus/libraries/megafunctions/addcore.inc             ;         ;
; look_add.inc                     ; yes             ; Megafunction                       ; /home/furkan/altera/13.0sp1/quartus/libraries/megafunctions/look_add.inc            ;         ;
; bypassff.inc                     ; yes             ; Megafunction                       ; /home/furkan/altera/13.0sp1/quartus/libraries/megafunctions/bypassff.inc            ;         ;
; altshift.inc                     ; yes             ; Megafunction                       ; /home/furkan/altera/13.0sp1/quartus/libraries/megafunctions/altshift.inc            ;         ;
; alt_stratix_add_sub.inc          ; yes             ; Megafunction                       ; /home/furkan/altera/13.0sp1/quartus/libraries/megafunctions/alt_stratix_add_sub.inc ;         ;
; aglobal130.inc                   ; yes             ; Megafunction                       ; /home/furkan/altera/13.0sp1/quartus/libraries/megafunctions/aglobal130.inc          ;         ;
; db/add_sub_5ki.tdf               ; yes             ; Auto-Generated Megafunction        ; /home/furkan/altera/13.0sp1/ALU/db/add_sub_5ki.tdf                                  ;         ;
; lpm_muxALUSEL.vhd                ; yes             ; Auto-Found Wizard-Generated File   ; /home/furkan/altera/13.0sp1/ALU/lpm_muxALUSEL.vhd                                   ;         ;
; lpm_mux.tdf                      ; yes             ; Megafunction                       ; /home/furkan/altera/13.0sp1/quartus/libraries/megafunctions/lpm_mux.tdf             ;         ;
; muxlut.inc                       ; yes             ; Megafunction                       ; /home/furkan/altera/13.0sp1/quartus/libraries/megafunctions/muxlut.inc              ;         ;
; db/mux_i6e.tdf                   ; yes             ; Auto-Generated Megafunction        ; /home/furkan/altera/13.0sp1/ALU/db/mux_i6e.tdf                                      ;         ;
; lpm_and.tdf                      ; yes             ; Megafunction                       ; /home/furkan/altera/13.0sp1/quartus/libraries/megafunctions/lpm_and.tdf             ;         ;
; lpm_or.tdf                       ; yes             ; Megafunction                       ; /home/furkan/altera/13.0sp1/quartus/libraries/megafunctions/lpm_or.tdf              ;         ;
; lpm_xor.tdf                      ; yes             ; Megafunction                       ; /home/furkan/altera/13.0sp1/quartus/libraries/megafunctions/lpm_xor.tdf             ;         ;
; lpm_muxSHIFT.vhd                 ; yes             ; Auto-Found Wizard-Generated File   ; /home/furkan/altera/13.0sp1/ALU/lpm_muxSHIFT.vhd                                    ;         ;
; db/mux_96e.tdf                   ; yes             ; Auto-Generated Megafunction        ; /home/furkan/altera/13.0sp1/ALU/db/mux_96e.tdf                                      ;         ;
+----------------------------------+-----------------+------------------------------------+-------------------------------------------------------------------------------------+---------+


+------------------------------------------------------------+
; Analysis & Synthesis Resource Usage Summary                ;
+---------------------------------------------+--------------+
; Resource                                    ; Usage        ;
+---------------------------------------------+--------------+
; Estimated Total logic elements              ; 22           ;
;                                             ;              ;
; Total combinational functions               ; 22           ;
; Logic element usage by number of LUT inputs ;              ;
;     -- 4 input functions                    ; 9            ;
;     -- 3 input functions                    ; 12           ;
;     -- <=2 input functions                  ; 1            ;
;                                             ;              ;
; Logic elements by mode                      ;              ;
;     -- normal mode                          ; 18           ;
;     -- arithmetic mode                      ; 4            ;
;                                             ;              ;
; Total registers                             ; 0            ;
;     -- Dedicated logic registers            ; 0            ;
;     -- I/O registers                        ; 0            ;
;                                             ;              ;
; I/O pins                                    ; 16           ;
; Embedded Multiplier 9-bit elements          ; 0            ;
; Maximum fan-out node                        ; sel[0]~input ;
; Maximum fan-out                             ; 10           ;
; Total fan-out                               ; 93           ;
; Average fan-out                             ; 1.72         ;
+---------------------------------------------+--------------+


+-------------------------------------------------------------------------------------------------------------------------------------------------------------------------------------------------------------------------------------------------------------+
; Analysis & Synthesis Resource Utilization by Entity                                                                                                                                                                                                         ;
+-------------------------------------------+-------------------+--------------+-------------+--------------+---------+-----------+------+--------------+--------------------------------------------------------------------------------------+--------------+
; Compilation Hierarchy Node                ; LC Combinationals ; LC Registers ; Memory Bits ; DSP Elements ; DSP 9x9 ; DSP 18x18 ; Pins ; Virtual Pins ; Full Hierarchy Name                                                                  ; Library Name ;
+-------------------------------------------+-------------------+--------------+-------------+--------------+---------+-----------+------+--------------+--------------------------------------------------------------------------------------+--------------+
; |ALU                                      ; 22 (3)            ; 0 (0)        ; 0           ; 0            ; 0       ; 0         ; 16   ; 0            ; |ALU                                                                                 ; work         ;
;    |lpm_add_sub0:adder|                   ; 5 (0)             ; 0 (0)        ; 0           ; 0            ; 0       ; 0         ; 0    ; 0            ; |ALU|lpm_add_sub0:adder                                                              ; work         ;
;       |lpm_add_sub:LPM_ADD_SUB_component| ; 5 (0)             ; 0 (0)        ; 0           ; 0            ; 0       ; 0         ; 0    ; 0            ; |ALU|lpm_add_sub0:adder|lpm_add_sub:LPM_ADD_SUB_component                            ; work         ;
;          |add_sub_5ki:auto_generated|     ; 5 (5)             ; 0 (0)        ; 0           ; 0            ; 0       ; 0         ; 0    ; 0            ; |ALU|lpm_add_sub0:adder|lpm_add_sub:LPM_ADD_SUB_component|add_sub_5ki:auto_generated ; work         ;
;    |lpm_muxALUSEL:inst5|                  ; 14 (0)            ; 0 (0)        ; 0           ; 0            ; 0       ; 0         ; 0    ; 0            ; |ALU|lpm_muxALUSEL:inst5                                                             ; work         ;
;       |lpm_mux:LPM_MUX_component|         ; 14 (0)            ; 0 (0)        ; 0           ; 0            ; 0       ; 0         ; 0    ; 0            ; |ALU|lpm_muxALUSEL:inst5|lpm_mux:LPM_MUX_component                                   ; work         ;
;          |mux_i6e:auto_generated|         ; 14 (14)           ; 0 (0)        ; 0           ; 0            ; 0       ; 0         ; 0    ; 0            ; |ALU|lpm_muxALUSEL:inst5|lpm_mux:LPM_MUX_component|mux_i6e:auto_generated            ; work         ;
+-------------------------------------------+-------------------+--------------+-------------+--------------+---------+-----------+------+--------------+--------------------------------------------------------------------------------------+--------------+
Note: For table entries with two numbers listed, the numbers in parentheses indicate the number of resources of the given type used by the specific entity alone. The numbers listed outside of parentheses indicate the total resources of the given type used by the specific entity and all of its sub-entities in the hierarchy.


+----------------------------------------------------------------------------------------------------------------------------------------------+
; Analysis & Synthesis IP Cores Summary                                                                                                        ;
+--------+--------------+---------+--------------+--------------+--------------------------+---------------------------------------------------+
; Vendor ; IP Core Name ; Version ; Release Date ; License Type ; Entity Instance          ; IP Include File                                   ;
+--------+--------------+---------+--------------+--------------+--------------------------+---------------------------------------------------+
; Altera ; LPM_ADD_SUB  ; 13.0    ; N/A          ; N/A          ; |ALU|lpm_add_sub0:adder  ; /home/furkan/altera/13.0sp1/ALU/lpm_add_sub0.vhd  ;
; Altera ; LPM_MUX      ; N/A     ; N/A          ; N/A          ; |ALU|lpm_muxALUSEL:inst5 ; /home/furkan/altera/13.0sp1/ALU/lpm_muxALUSEL.vhd ;
; Altera ; LPM_MUX      ; N/A     ; N/A          ; N/A          ; |ALU|lpm_muxSHIFT:inst10 ; /home/furkan/altera/13.0sp1/ALU/lpm_muxSHIFT.vhd  ;
; Altera ; LPM_MUX      ; N/A     ; N/A          ; N/A          ; |ALU|lpm_muxSHIFT:inst12 ; /home/furkan/altera/13.0sp1/ALU/lpm_muxSHIFT.vhd  ;
; Altera ; LPM_MUX      ; N/A     ; N/A          ; N/A          ; |ALU|lpm_muxSHIFT:inst13 ; /home/furkan/altera/13.0sp1/ALU/lpm_muxSHIFT.vhd  ;
; Altera ; LPM_MUX      ; N/A     ; N/A          ; N/A          ; |ALU|lpm_muxSHIFT:inst14 ; /home/furkan/altera/13.0sp1/ALU/lpm_muxSHIFT.vhd  ;
+--------+--------------+---------+--------------+--------------+--------------------------+---------------------------------------------------+


+------------------------------------------------------+
; General Register Statistics                          ;
+----------------------------------------------+-------+
; Statistic                                    ; Value ;
+----------------------------------------------+-------+
; Total registers                              ; 0     ;
; Number of registers using Synchronous Clear  ; 0     ;
; Number of registers using Synchronous Load   ; 0     ;
; Number of registers using Asynchronous Clear ; 0     ;
; Number of registers using Asynchronous Load  ; 0     ;
; Number of registers using Clock Enable       ; 0     ;
; Number of registers using Preset             ; 0     ;
+----------------------------------------------+-------+


+---------------------------------------------------------------------------------------------------+
; Parameter Settings for User Entity Instance: lpm_add_sub0:adder|lpm_add_sub:LPM_ADD_SUB_component ;
+------------------------+-------------+------------------------------------------------------------+
; Parameter Name         ; Value       ; Type                                                       ;
+------------------------+-------------+------------------------------------------------------------+
; LPM_WIDTH              ; 4           ; Signed Integer                                             ;
; LPM_REPRESENTATION     ; UNSIGNED    ; Untyped                                                    ;
; LPM_DIRECTION          ; ADD         ; Untyped                                                    ;
; ONE_INPUT_IS_CONSTANT  ; NO          ; Untyped                                                    ;
; LPM_PIPELINE           ; 0           ; Untyped                                                    ;
; MAXIMIZE_SPEED         ; 5           ; Untyped                                                    ;
; REGISTERED_AT_END      ; 0           ; Untyped                                                    ;
; OPTIMIZE_FOR_SPEED     ; 5           ; Untyped                                                    ;
; USE_CS_BUFFERS         ; 1           ; Untyped                                                    ;
; CARRY_CHAIN            ; MANUAL      ; Untyped                                                    ;
; CARRY_CHAIN_LENGTH     ; 48          ; CARRY_CHAIN_LENGTH                                         ;
; DEVICE_FAMILY          ; Cyclone III ; Untyped                                                    ;
; USE_WYS                ; OFF         ; Untyped                                                    ;
; STYLE                  ; FAST        ; Untyped                                                    ;
; CBXI_PARAMETER         ; add_sub_5ki ; Untyped                                                    ;
; AUTO_CARRY_CHAINS      ; ON          ; AUTO_CARRY                                                 ;
; IGNORE_CARRY_BUFFERS   ; OFF         ; IGNORE_CARRY                                               ;
; AUTO_CASCADE_CHAINS    ; ON          ; AUTO_CASCADE                                               ;
; IGNORE_CASCADE_BUFFERS ; OFF         ; IGNORE_CASCADE                                             ;
+------------------------+-------------+------------------------------------------------------------+
Note: In order to hide this table in the UI and the text report file, please set the "Show Parameter Settings in Synthesis Report" option in "Analysis and Synthesis Settings -> More Settings" to "Off".


+--------------------------------------------------------------------------------------------+
; Parameter Settings for User Entity Instance: lpm_muxALUSEL:inst5|LPM_MUX:LPM_MUX_component ;
+------------------------+-------------+-----------------------------------------------------+
; Parameter Name         ; Value       ; Type                                                ;
+------------------------+-------------+-----------------------------------------------------+
; AUTO_CARRY_CHAINS      ; ON          ; AUTO_CARRY                                          ;
; IGNORE_CARRY_BUFFERS   ; OFF         ; IGNORE_CARRY                                        ;
; AUTO_CASCADE_CHAINS    ; ON          ; AUTO_CASCADE                                        ;
; IGNORE_CASCADE_BUFFERS ; OFF         ; IGNORE_CASCADE                                      ;
; LPM_WIDTH              ; 4           ; Signed Integer                                      ;
; LPM_SIZE               ; 6           ; Signed Integer                                      ;
; LPM_WIDTHS             ; 3           ; Signed Integer                                      ;
; LPM_PIPELINE           ; 0           ; Signed Integer                                      ;
; CBXI_PARAMETER         ; mux_i6e     ; Untyped                                             ;
; DEVICE_FAMILY          ; Cyclone III ; Untyped                                             ;
+------------------------+-------------+-----------------------------------------------------+
Note: In order to hide this table in the UI and the text report file, please set the "Show Parameter Settings in Synthesis Report" option in "Analysis and Synthesis Settings -> More Settings" to "Off".


+-----------------------------------------------------------+
; Parameter Settings for User Entity Instance: LPM_AND:and  ;
+------------------------+-------------+--------------------+
; Parameter Name         ; Value       ; Type               ;
+------------------------+-------------+--------------------+
; AUTO_CARRY_CHAINS      ; ON          ; AUTO_CARRY         ;
; IGNORE_CARRY_BUFFERS   ; OFF         ; IGNORE_CARRY       ;
; AUTO_CASCADE_CHAINS    ; ON          ; AUTO_CASCADE       ;
; IGNORE_CASCADE_BUFFERS ; OFF         ; IGNORE_CASCADE     ;
; LPM_WIDTH              ; 4           ; Signed Integer     ;
; LPM_SIZE               ; 2           ; Signed Integer     ;
; CARRY_CHAIN_LENGTH     ; 48          ; CARRY_CHAIN_LENGTH ;
; CARRY_CHAIN            ; MANUAL      ; Untyped            ;
; CASCADE_CHAIN          ; MANUAL      ; Untyped            ;
; DEVICE_FAMILY          ; Cyclone III ; Untyped            ;
+------------------------+-------------+--------------------+
Note: In order to hide this table in the UI and the text report file, please set the "Show Parameter Settings in Synthesis Report" option in "Analysis and Synthesis Settings -> More Settings" to "Off".


+-----------------------------------------------------------+
; Parameter Settings for User Entity Instance: LPM_OR:or    ;
+------------------------+-------------+--------------------+
; Parameter Name         ; Value       ; Type               ;
+------------------------+-------------+--------------------+
; AUTO_CARRY_CHAINS      ; ON          ; AUTO_CARRY         ;
; IGNORE_CARRY_BUFFERS   ; OFF         ; IGNORE_CARRY       ;
; AUTO_CASCADE_CHAINS    ; ON          ; AUTO_CASCADE       ;
; IGNORE_CASCADE_BUFFERS ; OFF         ; IGNORE_CASCADE     ;
; LPM_WIDTH              ; 4           ; Signed Integer     ;
; LPM_SIZE               ; 2           ; Signed Integer     ;
; CARRY_CHAIN_LENGTH     ; 48          ; CARRY_CHAIN_LENGTH ;
; CARRY_CHAIN            ; MANUAL      ; Untyped            ;
; CASCADE_CHAIN          ; MANUAL      ; Untyped            ;
; DEVICE_FAMILY          ; Cyclone III ; Untyped            ;
+------------------------+-------------+--------------------+
Note: In order to hide this table in the UI and the text report file, please set the "Show Parameter Settings in Synthesis Report" option in "Analysis and Synthesis Settings -> More Settings" to "Off".


+----------------------------------------------------------+
; Parameter Settings for User Entity Instance: LPM_XOR:xor ;
+----------------+-------+---------------------------------+
; Parameter Name ; Value ; Type                            ;
+----------------+-------+---------------------------------+
; LPM_WIDTH      ; 4     ; Signed Integer                  ;
; LPM_SIZE       ; 2     ; Signed Integer                  ;
+----------------+-------+---------------------------------+
Note: In order to hide this table in the UI and the text report file, please set the "Show Parameter Settings in Synthesis Report" option in "Analysis and Synthesis Settings -> More Settings" to "Off".


+--------------------------------------------------------------------------------------------+
; Parameter Settings for User Entity Instance: lpm_muxSHIFT:inst14|LPM_MUX:LPM_MUX_component ;
+------------------------+-------------+-----------------------------------------------------+
; Parameter Name         ; Value       ; Type                                                ;
+------------------------+-------------+-----------------------------------------------------+
; AUTO_CARRY_CHAINS      ; ON          ; AUTO_CARRY                                          ;
; IGNORE_CARRY_BUFFERS   ; OFF         ; IGNORE_CARRY                                        ;
; AUTO_CASCADE_CHAINS    ; ON          ; AUTO_CASCADE                                        ;
; IGNORE_CASCADE_BUFFERS ; OFF         ; IGNORE_CASCADE                                      ;
; LPM_WIDTH              ; 1           ; Signed Integer                                      ;
; LPM_SIZE               ; 2           ; Signed Integer                                      ;
; LPM_WIDTHS             ; 1           ; Signed Integer                                      ;
; LPM_PIPELINE           ; 0           ; Signed Integer                                      ;
; CBXI_PARAMETER         ; mux_96e     ; Untyped                                             ;
; DEVICE_FAMILY          ; Cyclone III ; Untyped                                             ;
+------------------------+-------------+-----------------------------------------------------+
Note: In order to hide this table in the UI and the text report file, please set the "Show Parameter Settings in Synthesis Report" option in "Analysis and Synthesis Settings -> More Settings" to "Off".


+--------------------------------------------------------------------------------------------+
; Parameter Settings for User Entity Instance: lpm_muxSHIFT:inst10|LPM_MUX:LPM_MUX_component ;
+------------------------+-------------+-----------------------------------------------------+
; Parameter Name         ; Value       ; Type                                                ;
+------------------------+-------------+-----------------------------------------------------+
; AUTO_CARRY_CHAINS      ; ON          ; AUTO_CARRY                                          ;
; IGNORE_CARRY_BUFFERS   ; OFF         ; IGNORE_CARRY                                        ;
; AUTO_CASCADE_CHAINS    ; ON          ; AUTO_CASCADE                                        ;
; IGNORE_CASCADE_BUFFERS ; OFF         ; IGNORE_CASCADE                                      ;
; LPM_WIDTH              ; 1           ; Signed Integer                                      ;
; LPM_SIZE               ; 2           ; Signed Integer                                      ;
; LPM_WIDTHS             ; 1           ; Signed Integer                                      ;
; LPM_PIPELINE           ; 0           ; Signed Integer                                      ;
; CBXI_PARAMETER         ; mux_96e     ; Untyped                                             ;
; DEVICE_FAMILY          ; Cyclone III ; Untyped                                             ;
+------------------------+-------------+-----------------------------------------------------+
Note: In order to hide this table in the UI and the text report file, please set the "Show Parameter Settings in Synthesis Report" option in "Analysis and Synthesis Settings -> More Settings" to "Off".


+--------------------------------------------------------------------------------------------+
; Parameter Settings for User Entity Instance: lpm_muxSHIFT:inst12|LPM_MUX:LPM_MUX_component ;
+------------------------+-------------+-----------------------------------------------------+
; Parameter Name         ; Value       ; Type                                                ;
+------------------------+-------------+-----------------------------------------------------+
; AUTO_CARRY_CHAINS      ; ON          ; AUTO_CARRY                                          ;
; IGNORE_CARRY_BUFFERS   ; OFF         ; IGNORE_CARRY                                        ;
; AUTO_CASCADE_CHAINS    ; ON          ; AUTO_CASCADE                                        ;
; IGNORE_CASCADE_BUFFERS ; OFF         ; IGNORE_CASCADE                                      ;
; LPM_WIDTH              ; 1           ; Signed Integer                                      ;
; LPM_SIZE               ; 2           ; Signed Integer                                      ;
; LPM_WIDTHS             ; 1           ; Signed Integer                                      ;
; LPM_PIPELINE           ; 0           ; Signed Integer                                      ;
; CBXI_PARAMETER         ; mux_96e     ; Untyped                                             ;
; DEVICE_FAMILY          ; Cyclone III ; Untyped                                             ;
+------------------------+-------------+-----------------------------------------------------+
Note: In order to hide this table in the UI and the text report file, please set the "Show Parameter Settings in Synthesis Report" option in "Analysis and Synthesis Settings -> More Settings" to "Off".


+--------------------------------------------------------------------------------------------+
; Parameter Settings for User Entity Instance: lpm_muxSHIFT:inst13|LPM_MUX:LPM_MUX_component ;
+------------------------+-------------+-----------------------------------------------------+
; Parameter Name         ; Value       ; Type                                                ;
+------------------------+-------------+-----------------------------------------------------+
; AUTO_CARRY_CHAINS      ; ON          ; AUTO_CARRY                                          ;
; IGNORE_CARRY_BUFFERS   ; OFF         ; IGNORE_CARRY                                        ;
; AUTO_CASCADE_CHAINS    ; ON          ; AUTO_CASCADE                                        ;
; IGNORE_CASCADE_BUFFERS ; OFF         ; IGNORE_CASCADE                                      ;
; LPM_WIDTH              ; 1           ; Signed Integer                                      ;
; LPM_SIZE               ; 2           ; Signed Integer                                      ;
; LPM_WIDTHS             ; 1           ; Signed Integer                                      ;
; LPM_PIPELINE           ; 0           ; Signed Integer                                      ;
; CBXI_PARAMETER         ; mux_96e     ; Untyped                                             ;
; DEVICE_FAMILY          ; Cyclone III ; Untyped                                             ;
+------------------------+-------------+-----------------------------------------------------+
Note: In order to hide this table in the UI and the text report file, please set the "Show Parameter Settings in Synthesis Report" option in "Analysis and Synthesis Settings -> More Settings" to "Off".


+-------------------------------+
; Elapsed Time Per Partition    ;
+----------------+--------------+
; Partition Name ; Elapsed Time ;
+----------------+--------------+
; Top            ; 00:00:00     ;
+----------------+--------------+


+-------------------------------+
; Analysis & Synthesis Messages ;
+-------------------------------+
Info: *******************************************************************
Info: Running Quartus II 64-Bit Analysis & Synthesis
    Info: Version 13.0.1 Build 232 06/12/2013 Service Pack 1 SJ Web Edition
    Info: Processing started: Mon May 13 23:23:46 2019
Info: Command: quartus_map --read_settings_files=on --write_settings_files=off ALU -c ALU
Warning (20028): Parallel compilation is not licensed and has been disabled
Info (12021): Found 2 design units, including 1 entities, in source file lpm_add_sub0.vhd
    Info (12022): Found design unit 1: lpm_add_sub0-SYN
    Info (12023): Found entity 1: lpm_add_sub0
Info (12021): Found 1 design units, including 1 entities, in source file ALU.bdf
    Info (12023): Found entity 1: ALU
Info (12021): Found 2 design units, including 1 entities, in source file lpm_shiftreg0.vhd
    Info (12022): Found design unit 1: lpm_shiftreg0-SYN
    Info (12023): Found entity 1: lpm_shiftreg0
Info (12021): Found 2 design units, including 1 entities, in source file lpm_shiftreg1.vhd
    Info (12022): Found design unit 1: lpm_shiftreg1-SYN
    Info (12023): Found entity 1: lpm_shiftreg1
Info (12021): Found 2 design units, including 1 entities, in source file lpm_shiftreg2.vhd
    Info (12022): Found design unit 1: lpm_shiftreg2-SYN
    Info (12023): Found entity 1: lpm_shiftreg2
Info (12021): Found 2 design units, including 1 entities, in source file lpm_mux0.vhd
    Info (12022): Found design unit 1: lpm_mux0-SYN
    Info (12023): Found entity 1: lpm_mux0
Info (12021): Found 2 design units, including 1 entities, in source file lpm_mux1.vhd
    Info (12022): Found design unit 1: lpm_mux1-SYN
    Info (12023): Found entity 1: lpm_mux1
Info (12021): Found 2 design units, including 1 entities, in source file lpm_decode0.vhd
    Info (12022): Found design unit 1: lpm_decode0-SYN
    Info (12023): Found entity 1: lpm_decode0
Info (12021): Found 2 design units, including 1 entities, in source file lpm_mux2.vhd
    Info (12022): Found design unit 1: lpm_mux2-SYN
    Info (12023): Found entity 1: lpm_mux2
Info (12127): Elaborating entity "ALU" for the top level hierarchy
Info (12128): Elaborating entity "lpm_add_sub0" for hierarchy "lpm_add_sub0:adder"
Info (12128): Elaborating entity "lpm_add_sub" for hierarchy "lpm_add_sub0:adder|lpm_add_sub:LPM_ADD_SUB_component"
Info (12130): Elaborated megafunction instantiation "lpm_add_sub0:adder|lpm_add_sub:LPM_ADD_SUB_component"
Info (12133): Instantiated megafunction "lpm_add_sub0:adder|lpm_add_sub:LPM_ADD_SUB_component" with the following parameter:
    Info (12134): Parameter "lpm_direction" = "ADD"
    Info (12134): Parameter "lpm_hint" = "ONE_INPUT_IS_CONSTANT=NO,CIN_USED=NO"
    Info (12134): Parameter "lpm_representation" = "UNSIGNED"
    Info (12134): Parameter "lpm_type" = "LPM_ADD_SUB"
    Info (12134): Parameter "lpm_width" = "4"
Info (12021): Found 1 design units, including 1 entities, in source file db/add_sub_5ki.tdf
    Info (12023): Found entity 1: add_sub_5ki
Info (12128): Elaborating entity "add_sub_5ki" for hierarchy "lpm_add_sub0:adder|lpm_add_sub:LPM_ADD_SUB_component|add_sub_5ki:auto_generated"
Warning (12125): Using design file lpm_muxALUSEL.vhd, which is not specified as a design file for the current project, but contains definitions for 2 design units and 1 entities in project
    Info (12022): Found design unit 1: lpm_muxalusel-SYN
    Info (12023): Found entity 1: lpm_muxALUSEL
Info (12128): Elaborating entity "lpm_muxALUSEL" for hierarchy "lpm_muxALUSEL:inst5"
Info (12128): Elaborating entity "LPM_MUX" for hierarchy "lpm_muxALUSEL:inst5|LPM_MUX:LPM_MUX_component"
Info (12130): Elaborated megafunction instantiation "lpm_muxALUSEL:inst5|LPM_MUX:LPM_MUX_component"
Info (12133): Instantiated megafunction "lpm_muxALUSEL:inst5|LPM_MUX:LPM_MUX_component" with the following parameter:
    Info (12134): Parameter "LPM_WIDTH" = "4"
    Info (12134): Parameter "LPM_SIZE" = "6"
    Info (12134): Parameter "LPM_WIDTHS" = "3"
    Info (12134): Parameter "LPM_PIPELINE" = "0"
    Info (12134): Parameter "LPM_TYPE" = "LPM_MUX"
    Info (12134): Parameter "LPM_HINT" = "UNUSED"
Info (12021): Found 1 design units, including 1 entities, in source file db/mux_i6e.tdf
    Info (12023): Found entity 1: mux_i6e
Info (12128): Elaborating entity "mux_i6e" for hierarchy "lpm_muxALUSEL:inst5|LPM_MUX:LPM_MUX_component|mux_i6e:auto_generated"
Info (12128): Elaborating entity "LPM_AND" for hierarchy "LPM_AND:and"
Info (12130): Elaborated megafunction instantiation "LPM_AND:and"
Info (12133): Instantiated megafunction "LPM_AND:and" with the following parameter:
    Info (12134): Parameter "LPM_SIZE" = "2"
    Info (12134): Parameter "LPM_WIDTH" = "4"
Info (12128): Elaborating entity "LPM_OR" for hierarchy "LPM_OR:or"
Info (12130): Elaborated megafunction instantiation "LPM_OR:or"
Info (12133): Instantiated megafunction "LPM_OR:or" with the following parameter:
    Info (12134): Parameter "LPM_SIZE" = "2"
    Info (12134): Parameter "LPM_WIDTH" = "4"
Info (12128): Elaborating entity "LPM_XOR" for hierarchy "LPM_XOR:xor"
Info (12130): Elaborated megafunction instantiation "LPM_XOR:xor"
Info (12133): Instantiated megafunction "LPM_XOR:xor" with the following parameter:
    Info (12134): Parameter "LPM_SIZE" = "2"
    Info (12134): Parameter "LPM_WIDTH" = "4"
Warning (12125): Using design file lpm_muxSHIFT.vhd, which is not specified as a design file for the current project, but contains definitions for 2 design units and 1 entities in project
    Info (12022): Found design unit 1: lpm_muxshift-SYN
    Info (12023): Found entity 1: lpm_muxSHIFT
Info (12128): Elaborating entity "lpm_muxSHIFT" for hierarchy "lpm_muxSHIFT:inst14"
Info (12128): Elaborating entity "LPM_MUX" for hierarchy "lpm_muxSHIFT:inst14|LPM_MUX:LPM_MUX_component"
Info (12130): Elaborated megafunction instantiation "lpm_muxSHIFT:inst14|LPM_MUX:LPM_MUX_component"
Info (12133): Instantiated megafunction "lpm_muxSHIFT:inst14|LPM_MUX:LPM_MUX_component" with the following parameter:
    Info (12134): Parameter "LPM_WIDTH" = "1"
    Info (12134): Parameter "LPM_SIZE" = "2"
    Info (12134): Parameter "LPM_WIDTHS" = "1"
    Info (12134): Parameter "LPM_PIPELINE" = "0"
    Info (12134): Parameter "LPM_TYPE" = "LPM_MUX"
    Info (12134): Parameter "LPM_HINT" = "UNUSED"
Info (12021): Found 1 design units, including 1 entities, in source file db/mux_96e.tdf
    Info (12023): Found entity 1: mux_96e
Info (12128): Elaborating entity "mux_96e" for hierarchy "lpm_muxSHIFT:inst14|LPM_MUX:LPM_MUX_component|mux_96e:auto_generated"
Info (286030): Timing-Driven Synthesis is running
Info (16010): Generating hard_block partition "hard_block:auto_generated_inst"
    Info (16011): Adding 0 node(s), including 0 DDIO, 0 PLL, 0 transceiver and 0 LCELL
Info (21057): Implemented 38 device resources after synthesis - the final resource count might be different
    Info (21058): Implemented 11 input pins
    Info (21059): Implemented 5 output pins
    Info (21061): Implemented 22 logic cells
Info: Quartus II 64-Bit Analysis & Synthesis was successful. 0 errors, 3 warnings
    Info: Peak virtual memory: 661 megabytes
    Info: Processing ended: Mon May 13 23:23:48 2019
    Info: Elapsed time: 00:00:02
    Info: Total CPU time (on all processors): 00:00:02


