Flow report for DEUARC
Wed May 22 22:05:30 2019
Quartus II 64-Bit Version 13.0.1 Build 232 06/12/2013 Service Pack 1 SJ Web Edition


---------------------
; Table of Contents ;
---------------------
  1. Legal Notice
  2. Flow Summary
  3. Flow Settings
  4. Flow Non-Default Global Settings
  5. Flow Elapsed Time
  6. Flow OS Summary
  7. Flow Log
  8. Flow Messages
  9. Flow Suppressed Messages



----------------
; Legal Notice ;
----------------
Copyright (C) 1991-2013 Altera Corporation
Your use of Altera Corporation's design tools, logic functions 
and other software and tools, and its AMPP partner logic 
functions, and any output files from any of the foregoing 
(including device programming or simulation files), and any 
associated documentation or information are expressly subject 
to the terms and conditions of the Altera Program License 
Subscription Agreement, Altera MegaCore Function License 
Agreement, or other applicable license agreement, including, 
without limitation, that your use is for the sole purpose of 
programming logic devices manufactured by Altera and sold by 
Altera or its authorized distributors.  Please refer to the 
applicable agreement for further details.



+--------------------------------------------------------------------------------------+
; Flow Summary                                                                         ;
+------------------------------------+-------------------------------------------------+
; Flow Status                        ; Successful - Wed May 22 22:05:30 2019           ;
; Quartus II 64-Bit Version          ; 13.0.1 Build 232 06/12/2013 SP 1 SJ Web Edition ;
; Revision Name                      ; DEUARC                                          ;
; Top-level Entity Name              ; DEUARC                                          ;
; Family                             ; Cyclone III                                     ;
; Device                             ; EP3C16F484C6                                    ;
; Timing Models                      ; Final                                           ;
; Total logic elements               ; 196 / 15,408 ( 1 % )                            ;
;     Total combinational functions  ; 183 / 15,408 ( 1 % )                            ;
;     Dedicated logic registers      ; 51 / 15,408 ( < 1 % )                           ;
; Total registers                    ; 51                                              ;
; Total pins                         ; 9 / 347 ( 3 % )                                 ;
; Total virtual pins                 ; 0                                               ;
; Total memory bits                  ; 416 / 516,096 ( < 1 % )                         ;
; Embedded Multiplier 9-bit elements ; 0 / 112 ( 0 % )                                 ;
; Total PLLs                         ; 0 / 4 ( 0 % )                                   ;
+------------------------------------+-------------------------------------------------+


+-----------------------------------------+
; Flow Settings                           ;
+-------------------+---------------------+
; Option            ; Setting             ;
+-------------------+---------------------+
; Start date & time ; 05/22/2019 22:05:12 ;
; Main task         ; Compilation         ;
; Revision Name     ; DEUARC              ;
+-------------------+---------------------+


+------------------------------------------------------------------------------------------------------------------------------------------------------------+
; Flow Non-Default Global Settings                                                                                                                           ;
+-------------------------------------+-----------------------------------------------------------------------+---------------+-------------+----------------+
; Assignment Name                     ; Value                                                                 ; Default Value ; Entity Name ; Section Id     ;
+-------------------------------------+-----------------------------------------------------------------------+---------------+-------------+----------------+
; COMPILER_SIGNATURE_ID               ; 0.155855191230821                                                     ; --            ; --          ; --             ;
; EDA_GENERATE_FUNCTIONAL_NETLIST     ; On                                                                    ; --            ; --          ; eda_simulation ;
; EDA_OUTPUT_DATA_FORMAT              ; Verilog Hdl                                                           ; --            ; --          ; eda_simulation ;
; EDA_SIMULATION_TOOL                 ; ModelSim-Altera (Verilog)                                             ; <None>        ; --          ; --             ;
; MAX_CORE_JUNCTION_TEMP              ; 85                                                                    ; --            ; --          ; --             ;
; MIN_CORE_JUNCTION_TEMP              ; 0                                                                     ; --            ; --          ; --             ;
; NOMINAL_CORE_SUPPLY_VOLTAGE         ; 1.2V                                                                  ; --            ; --          ; --             ;
; PARTITION_COLOR                     ; 16764057                                                              ; --            ; --          ; Top            ;
; PARTITION_FITTER_PRESERVATION_LEVEL ; PLACEMENT_AND_ROUTING                                                 ; --            ; --          ; Top            ;
; PARTITION_NETLIST_TYPE              ; SOURCE                                                                ; --            ; --          ; Top            ;
; POWER_BOARD_THERMAL_MODEL           ; None (CONSERVATIVE)                                                   ; --            ; --          ; --             ;
; POWER_PRESET_COOLING_SOLUTION       ; 23 MM HEAT SINK WITH 200 LFPM AIRFLOW                                 ; --            ; --          ; --             ;
; PROJECT_OUTPUT_DIRECTORY            ; output_files                                                          ; --            ; --          ; --             ;
; SEARCH_PATH                         ; /home/furkan/Desktop/2016510110_Furkan_Kayar_DEUARC/Control_Unit      ; --            ; --          ; --             ;
; SEARCH_PATH                         ; /home/furkan/Desktop/2016510110_Furkan_Kayar_DEUARC/ALU               ; --            ; --          ; --             ;
; SEARCH_PATH                         ; /home/furkan/Desktop/2016510110_Furkan_Kayar_DEUARC/Common_Bus_System ; --            ; --          ; --             ;
+-------------------------------------+-----------------------------------------------------------------------+---------------+-------------+----------------+


+-------------------------------------------------------------------------------------------------------------------------------+
; Flow Elapsed Time                                                                                                             ;
+---------------------------+--------------+-------------------------+---------------------+------------------------------------+
; Module Name               ; Elapsed Time ; Average Processors Used ; Peak Virtual Memory ; Total CPU Time (on all processors) ;
+---------------------------+--------------+-------------------------+---------------------+------------------------------------+
; Analysis & Synthesis      ; 00:00:03     ; 1.0                     ; 676 MB              ; 00:00:03                           ;
; Fitter                    ; 00:00:07     ; 1.0                     ; 763 MB              ; 00:00:07                           ;
; Assembler                 ; 00:00:01     ; 1.0                     ; 547 MB              ; 00:00:01                           ;
; TimeQuest Timing Analyzer ; 00:00:01     ; 1.0                     ; 562 MB              ; 00:00:01                           ;
; EDA Netlist Writer        ; 00:00:00     ; 1.0                     ; 779 MB              ; 00:00:00                           ;
; Total                     ; 00:00:12     ; --                      ; --                  ; 00:00:12                           ;
+---------------------------+--------------+-------------------------+---------------------+------------------------------------+


+---------------------------------------------------------------------------------------------+
; Flow OS Summary                                                                             ;
+---------------------------+------------------+----------------+------------+----------------+
; Module Name               ; Machine Hostname ; OS Name        ; OS Version ; Processor type ;
+---------------------------+------------------+----------------+------------+----------------+
; Analysis & Synthesis      ; furkan-GP72-7RD  ; Ubuntu 18.04.2 ; 18         ; x86_64         ;
; Fitter                    ; furkan-GP72-7RD  ; Ubuntu 18.04.2 ; 18         ; x86_64         ;
; Assembler                 ; furkan-GP72-7RD  ; Ubuntu 18.04.2 ; 18         ; x86_64         ;
; TimeQuest Timing Analyzer ; furkan-GP72-7RD  ; Ubuntu 18.04.2 ; 18         ; x86_64         ;
; EDA Netlist Writer        ; furkan-GP72-7RD  ; Ubuntu 18.04.2 ; 18         ; x86_64         ;
+---------------------------+------------------+----------------+------------+----------------+


------------
; Flow Log ;
------------
quartus_map --read_settings_files=on --write_settings_files=off DEUARC -c DEUARC
quartus_fit --read_settings_files=off --write_settings_files=off DEUARC -c DEUARC
quartus_asm --read_settings_files=off --write_settings_files=off DEUARC -c DEUARC
quartus_sta DEUARC -c DEUARC
quartus_eda --read_settings_files=off --write_settings_files=off DEUARC -c DEUARC



